{"numFailedTestSuites":1,"numFailedTests":1,"numPassedTestSuites":1,"numPassedTests":2,"numPendingTestSuites":0,"numPendingTests":0,"numRuntimeErrorTestSuites":0,"numTodoTests":0,"numTotalTestSuites":2,"numTotalTests":3,"openHandles":[],"snapshot":{"added":0,"didUpdate":false,"failure":false,"filesAdded":0,"filesRemoved":0,"filesRemovedList":[],"filesUnmatched":0,"filesUpdated":0,"matched":0,"total":0,"unchecked":0,"uncheckedKeysByFile":[],"unmatched":0,"updated":0},"startTime":1753746712168,"success":false,"testResults":[{"assertionResults":[{"ancestorTitles":["POST /api/users with faker"],"duration":271,"failureDetails":[],"failureMessages":[],"fullName":"POST /api/users with faker should create a user with dynamic faker data","invocations":1,"location":null,"numPassingAsserts":5,"retryReasons":[],"status":"passed","title":"should create a user with dynamic faker data"},{"ancestorTitles":["POST /api/users with faker"],"duration":132,"failureDetails":[{"matcherResult":{"actual":201,"expected":400,"message":"\u001b[2mexpect(\u001b[22m\u001b[31mreceived\u001b[39m\u001b[2m).\u001b[22mtoBe\u001b[2m(\u001b[22m\u001b[32mexpected\u001b[39m\u001b[2m) // Object.is equality\u001b[22m\n\nExpected: \u001b[32m400\u001b[39m\nReceived: \u001b[31m201\u001b[39m","name":"toBe","pass":false}}],"failureMessages":["Error: \u001b[2mexpect(\u001b[22m\u001b[31mreceived\u001b[39m\u001b[2m).\u001b[22mtoBe\u001b[2m(\u001b[22m\u001b[32mexpected\u001b[39m\u001b[2m) // Object.is equality\u001b[22m\n\nExpected: \u001b[32m400\u001b[39m\nReceived: \u001b[31m201\u001b[39m\n    at Object.toBe (/Users/monikadineva/Desktop/Monika/Code/monika-dineva-evinova/evinova-api-framework/test/specs/createUser.spec.js:29:29)\n    at processTicksAndRejections (node:internal/process/task_queues:105:5)"],"fullName":"POST /api/users with faker when create a user with invalid data, should return an error","invocations":1,"location":null,"numPassingAsserts":0,"retryReasons":[],"status":"failed","title":"when create a user with invalid data, should return an error"}],"endTime":1753746712839,"message":"\u001b[1m\u001b[31m  \u001b[1m● \u001b[22m\u001b[1mPOST /api/users with faker › when create a user with invalid data, should return an error\u001b[39m\u001b[22m\n\n    \u001b[2mexpect(\u001b[22m\u001b[31mreceived\u001b[39m\u001b[2m).\u001b[22mtoBe\u001b[2m(\u001b[22m\u001b[32mexpected\u001b[39m\u001b[2m) // Object.is equality\u001b[22m\n\n    Expected: \u001b[32m400\u001b[39m\n    Received: \u001b[31m201\u001b[39m\n\u001b[2m\u001b[22m\n\u001b[2m    \u001b[0m \u001b[90m 27 |\u001b[39m     \u001b[36mconst\u001b[39m user \u001b[33m=\u001b[39m \u001b[36mawait\u001b[39m createUser(invalidUserPayload)\u001b[33m;\u001b[39m\u001b[22m\n\u001b[2m     \u001b[90m 28 |\u001b[39m\u001b[22m\n\u001b[2m    \u001b[31m\u001b[1m>\u001b[22m\u001b[2m\u001b[39m\u001b[90m 29 |\u001b[39m     expect(user\u001b[33m.\u001b[39mstatusCode)\u001b[33m.\u001b[39mtoBe(\u001b[35m400\u001b[39m)\u001b[33m;\u001b[39m\u001b[22m\n\u001b[2m     \u001b[90m    |\u001b[39m                             \u001b[31m\u001b[1m^\u001b[22m\u001b[2m\u001b[39m\u001b[22m\n\u001b[2m     \u001b[90m 30 |\u001b[39m     expect(user\u001b[33m.\u001b[39mbody)\u001b[33m.\u001b[39mtoHaveProperty(\u001b[32m'error'\u001b[39m)\u001b[33m;\u001b[39m\u001b[22m\n\u001b[2m     \u001b[90m 31 |\u001b[39m   })\u001b[33m;\u001b[39m\u001b[22m\n\u001b[2m     \u001b[90m 32 |\u001b[39m   \u001b[0m\u001b[22m\n\u001b[2m\u001b[22m\n\u001b[2m      \u001b[2mat Object.toBe (\u001b[22m\u001b[2m\u001b[0m\u001b[36mtest/specs/createUser.spec.js\u001b[39m\u001b[0m\u001b[2m:29:29)\u001b[22m\u001b[2m\u001b[22m\n","name":"/Users/monikadineva/Desktop/Monika/Code/monika-dineva-evinova/evinova-api-framework/test/specs/createUser.spec.js","startTime":1753746712195,"status":"failed","summary":""},{"assertionResults":[{"ancestorTitles":["GET /api/users"],"duration":131,"failureDetails":[],"failureMessages":[],"fullName":"GET /api/users should return list of users and match schema","invocations":1,"location":null,"numPassingAsserts":3,"retryReasons":[],"status":"passed","title":"should return list of users and match schema"}],"endTime":1753746713077,"message":"","name":"/Users/monikadineva/Desktop/Monika/Code/monika-dineva-evinova/evinova-api-framework/test/specs/getUsers.spec.js","startTime":1753746712842,"status":"passed","summary":""}],"wasInterrupted":false}
