{
  "stats": {
    "suites": 6,
    "tests": 8,
    "passes": 8,
    "pending": 0,
    "failures": 0,
    "testsRegistered": 8,
    "passPercent": 100,
    "pendingPercent": 0,
    "other": 0,
    "hasOther": false,
    "skipped": 0,
    "hasSkipped": false,
    "start": "2025-07-28T12:14:47.360Z",
    "end": "2025-07-28T12:15:27.583Z",
    "duration": 40223
  },
  "results": [
    {
      "uuid": "94f6ac7d-3bcf-427c-ac3b-ba428e90627a",
      "title": "",
      "fullFile": "cypress/e2e/menuNavigation.spec.js",
      "file": "cypress/e2e/menuNavigation.spec.js",
      "beforeHooks": [],
      "afterHooks": [],
      "tests": [],
      "suites": [
        {
          "uuid": "b259888d-89e7-46ec-8459-5c697f517503",
          "title": "Navigation to Subpages - Browser: chrome",
          "fullFile": "",
          "file": "",
          "beforeHooks": [],
          "afterHooks": [],
          "tests": [
            {
              "title": "should successfully navigate to About Us page",
              "fullTitle": "Navigation to Subpages - Browser: chrome should successfully navigate to About Us page",
              "timedOut": null,
              "duration": 1638,
              "state": "passed",
              "speed": "fast",
              "pass": true,
              "fail": false,
              "pending": false,
              "context": null,
              "code": "_HomePage.default.clickOnMenuItem(\"About Us\");\ncy.url().should('include', '/about-us');\n_AboutPage.default.getPageTitle().should('have.text', 'About Evinova');",
              "err": {},
              "uuid": "d9a39a4a-d885-4942-82a4-97f002c01b9f",
              "parentUUID": "b259888d-89e7-46ec-8459-5c697f517503",
              "isHook": false,
              "skipped": false
            }
          ],
          "suites": [],
          "passes": [
            "d9a39a4a-d885-4942-82a4-97f002c01b9f"
          ],
          "failures": [],
          "pending": [],
          "skipped": [],
          "duration": 1638,
          "root": false,
          "rootEmpty": false,
          "_timeout": 2000
        }
      ],
      "passes": [],
      "failures": [],
      "pending": [],
      "skipped": [],
      "duration": 0,
      "root": true,
      "rootEmpty": true,
      "_timeout": 2000
    },
    {
      "uuid": "ffe563be-6bed-4322-99bd-fc4dd9145e49",
      "title": "",
      "fullFile": "cypress/e2e/platform.spec.js",
      "file": "cypress/e2e/platform.spec.js",
      "beforeHooks": [],
      "afterHooks": [],
      "tests": [],
      "suites": [
        {
          "uuid": "484e3d5f-42b4-45b2-aa52-499960aa3e9b",
          "title": "Platform section, flip cards validation - Browser: chrome",
          "fullFile": "",
          "file": "",
          "beforeHooks": [],
          "afterHooks": [],
          "tests": [
            {
              "title": "should verify all 4 cards flip correctly",
              "fullTitle": "Platform section, flip cards validation - Browser: chrome should verify all 4 cards flip correctly",
              "timedOut": null,
              "duration": 2624,
              "state": "passed",
              "speed": "fast",
              "pass": true,
              "fail": false,
              "pending": false,
              "context": null,
              "code": "_PlatformPage.default.getCards().should('have.length', 4);\n_PlatformPage.default.getCards().each(card => {\n  _PlatformPage.default.assertFrontVisible(card);\n  _PlatformPage.default.flipCard(card);\n  _PlatformPage.default.assertBackVisible(card);\n});",
              "err": {},
              "uuid": "5070e309-30e0-41f4-9954-cd4fc9bda4ca",
              "parentUUID": "484e3d5f-42b4-45b2-aa52-499960aa3e9b",
              "isHook": false,
              "skipped": false
            }
          ],
          "suites": [],
          "passes": [
            "5070e309-30e0-41f4-9954-cd4fc9bda4ca"
          ],
          "failures": [],
          "pending": [],
          "skipped": [],
          "duration": 2624,
          "root": false,
          "rootEmpty": false,
          "_timeout": 2000
        }
      ],
      "passes": [],
      "failures": [],
      "pending": [],
      "skipped": [],
      "duration": 0,
      "root": true,
      "rootEmpty": true,
      "_timeout": 2000
    },
    {
      "uuid": "3928b3e8-d8a8-4562-95ea-a13819973856",
      "title": "",
      "fullFile": "cypress/e2e/contactForm.spec.js",
      "file": "cypress/e2e/contactForm.spec.js",
      "beforeHooks": [],
      "afterHooks": [],
      "tests": [],
      "suites": [
        {
          "uuid": "9ae65466-6699-4d07-903f-ac030fe80358",
          "title": "Fill in Contcat Us Form - Browser: chrome",
          "fullFile": "",
          "file": "",
          "beforeHooks": [],
          "afterHooks": [],
          "tests": [
            {
              "title": "should valdiate successfully filled contact us form",
              "fullTitle": "Fill in Contcat Us Form - Browser: chrome should valdiate successfully filled contact us form",
              "timedOut": null,
              "duration": 4581,
              "state": "passed",
              "speed": "fast",
              "pass": true,
              "fail": false,
              "pending": false,
              "context": null,
              "code": "_HomePage.default.clickOnMenuItem(\"Contact Us\");\ncy.url().should('include', '/contact-us');\ncy.fixture('contactFormData').then(data => {\n  cy.log(JSON.stringify(data));\n  _ContactPage.default.fillContactForm(data);\n});\n_ContactPage.default.getSubmitFormButton().should('be.visible');\ncy.log('Skipping actual form submit: form is not submittable even via manual click due to misconfigured invisible reCAPTCHA on the provided URL');",
              "err": {},
              "uuid": "c6626d56-0c7e-462b-9fc3-177fabbb358e",
              "parentUUID": "9ae65466-6699-4d07-903f-ac030fe80358",
              "isHook": false,
              "skipped": false
            },
            {
              "title": "should validate that when contact form is submitted withouth first name, error msg is returned",
              "fullTitle": "Fill in Contcat Us Form - Browser: chrome should validate that when contact form is submitted withouth first name, error msg is returned",
              "timedOut": null,
              "duration": 3492,
              "state": "passed",
              "speed": "fast",
              "pass": true,
              "fail": false,
              "pending": false,
              "context": null,
              "code": "_HomePage.default.clickOnMenuItem(\"Contact Us\");\ncy.url().should('include', '/contact-us');\ncy.fixture('contactFormData').then(data => {\n  delete data.firstName;\n  _ContactPage.default.fillContactForm(data);\n});\n_ContactPage.default.clickSubmitFormButton();\n_ContactPage.default.getMandatoryParamErrorMessage().should('have.text', 'This field is required.');",
              "err": {},
              "uuid": "2668136a-d853-4e5d-ae54-0092668ed64c",
              "parentUUID": "9ae65466-6699-4d07-903f-ac030fe80358",
              "isHook": false,
              "skipped": false
            }
          ],
          "suites": [],
          "passes": [
            "c6626d56-0c7e-462b-9fc3-177fabbb358e",
            "2668136a-d853-4e5d-ae54-0092668ed64c"
          ],
          "failures": [],
          "pending": [],
          "skipped": [],
          "duration": 8073,
          "root": false,
          "rootEmpty": false,
          "_timeout": 2000
        }
      ],
      "passes": [],
      "failures": [],
      "pending": [],
      "skipped": [],
      "duration": 0,
      "root": true,
      "rootEmpty": true,
      "_timeout": 2000
    },
    {
      "uuid": "d9a58ca1-817a-4433-abb2-2d5db029cdb1",
      "title": "",
      "fullFile": "cypress/e2e/menuNavigation.spec.js",
      "file": "cypress/e2e/menuNavigation.spec.js",
      "beforeHooks": [],
      "afterHooks": [],
      "tests": [],
      "suites": [
        {
          "uuid": "faf16a1b-e076-4e97-9cc0-0b65283f792e",
          "title": "Navigation to Subpages - Browser: electron",
          "fullFile": "",
          "file": "",
          "beforeHooks": [],
          "afterHooks": [],
          "tests": [
            {
              "title": "should successfully navigate to About Us page",
              "fullTitle": "Navigation to Subpages - Browser: electron should successfully navigate to About Us page",
              "timedOut": null,
              "duration": 2264,
              "state": "passed",
              "speed": "fast",
              "pass": true,
              "fail": false,
              "pending": false,
              "context": null,
              "code": "_HomePage.default.clickOnMenuItem(\"About Us\");\ncy.url().should('include', '/about-us');\n_AboutPage.default.getPageTitle().should('have.text', 'About Evinova');",
              "err": {},
              "uuid": "99ad595f-d52b-46cd-a70d-935bbdc5b9b9",
              "parentUUID": "faf16a1b-e076-4e97-9cc0-0b65283f792e",
              "isHook": false,
              "skipped": false
            }
          ],
          "suites": [],
          "passes": [
            "99ad595f-d52b-46cd-a70d-935bbdc5b9b9"
          ],
          "failures": [],
          "pending": [],
          "skipped": [],
          "duration": 2264,
          "root": false,
          "rootEmpty": false,
          "_timeout": 2000
        }
      ],
      "passes": [],
      "failures": [],
      "pending": [],
      "skipped": [],
      "duration": 0,
      "root": true,
      "rootEmpty": true,
      "_timeout": 2000
    },
    {
      "uuid": "3447e0ff-339a-4a71-b479-54fbdbea3603",
      "title": "",
      "fullFile": "cypress/e2e/platform.spec.js",
      "file": "cypress/e2e/platform.spec.js",
      "beforeHooks": [],
      "afterHooks": [],
      "tests": [],
      "suites": [
        {
          "uuid": "ebd8f81c-e595-469f-8ca4-139bde5bf8be",
          "title": "Platform section, flip cards validation - Browser: electron",
          "fullFile": "",
          "file": "",
          "beforeHooks": [],
          "afterHooks": [],
          "tests": [
            {
              "title": "should verify all 4 cards flip correctly",
              "fullTitle": "Platform section, flip cards validation - Browser: electron should verify all 4 cards flip correctly",
              "timedOut": null,
              "duration": 3093,
              "state": "passed",
              "speed": "fast",
              "pass": true,
              "fail": false,
              "pending": false,
              "context": null,
              "code": "_PlatformPage.default.getCards().should('have.length', 4);\n_PlatformPage.default.getCards().each(card => {\n  _PlatformPage.default.assertFrontVisible(card);\n  _PlatformPage.default.flipCard(card);\n  _PlatformPage.default.assertBackVisible(card);\n});",
              "err": {},
              "uuid": "3566f487-5a3d-42c4-90c0-7387167c9a46",
              "parentUUID": "ebd8f81c-e595-469f-8ca4-139bde5bf8be",
              "isHook": false,
              "skipped": false
            }
          ],
          "suites": [],
          "passes": [
            "3566f487-5a3d-42c4-90c0-7387167c9a46"
          ],
          "failures": [],
          "pending": [],
          "skipped": [],
          "duration": 3093,
          "root": false,
          "rootEmpty": false,
          "_timeout": 2000
        }
      ],
      "passes": [],
      "failures": [],
      "pending": [],
      "skipped": [],
      "duration": 0,
      "root": true,
      "rootEmpty": true,
      "_timeout": 2000
    },
    {
      "uuid": "2646a933-e089-4031-a3ee-f0910c0f806f",
      "title": "",
      "fullFile": "cypress/e2e/contactForm.spec.js",
      "file": "cypress/e2e/contactForm.spec.js",
      "beforeHooks": [],
      "afterHooks": [],
      "tests": [],
      "suites": [
        {
          "uuid": "7c492475-ca5e-46f1-917a-34b06407b0c3",
          "title": "Fill in Contcat Us Form - Browser: electron",
          "fullFile": "",
          "file": "",
          "beforeHooks": [],
          "afterHooks": [],
          "tests": [
            {
              "title": "should valdiate successfully filled contact us form",
              "fullTitle": "Fill in Contcat Us Form - Browser: electron should valdiate successfully filled contact us form",
              "timedOut": null,
              "duration": 4237,
              "state": "passed",
              "speed": "fast",
              "pass": true,
              "fail": false,
              "pending": false,
              "context": null,
              "code": "_HomePage.default.clickOnMenuItem(\"Contact Us\");\ncy.url().should('include', '/contact-us');\ncy.fixture('contactFormData').then(data => {\n  cy.log(JSON.stringify(data));\n  _ContactPage.default.fillContactForm(data);\n});\n_ContactPage.default.getSubmitFormButton().should('be.visible');\ncy.log('Skipping actual form submit: form is not submittable even via manual click due to misconfigured invisible reCAPTCHA on the provided URL');",
              "err": {},
              "uuid": "c1be7ded-152a-447a-be95-3360ca9063b3",
              "parentUUID": "7c492475-ca5e-46f1-917a-34b06407b0c3",
              "isHook": false,
              "skipped": false
            },
            {
              "title": "should validate that when contact form is submitted withouth first name, error msg is returned",
              "fullTitle": "Fill in Contcat Us Form - Browser: electron should validate that when contact form is submitted withouth first name, error msg is returned",
              "timedOut": null,
              "duration": 3221,
              "state": "passed",
              "speed": "fast",
              "pass": true,
              "fail": false,
              "pending": false,
              "context": null,
              "code": "_HomePage.default.clickOnMenuItem(\"Contact Us\");\ncy.url().should('include', '/contact-us');\ncy.fixture('contactFormData').then(data => {\n  delete data.firstName;\n  _ContactPage.default.fillContactForm(data);\n});\n_ContactPage.default.clickSubmitFormButton();\n_ContactPage.default.getMandatoryParamErrorMessage().should('have.text', 'This field is required.');",
              "err": {},
              "uuid": "19678a76-5060-4746-951e-9f036402c629",
              "parentUUID": "7c492475-ca5e-46f1-917a-34b06407b0c3",
              "isHook": false,
              "skipped": false
            }
          ],
          "suites": [],
          "passes": [
            "c1be7ded-152a-447a-be95-3360ca9063b3",
            "19678a76-5060-4746-951e-9f036402c629"
          ],
          "failures": [],
          "pending": [],
          "skipped": [],
          "duration": 7458,
          "root": false,
          "rootEmpty": false,
          "_timeout": 2000
        }
      ],
      "passes": [],
      "failures": [],
      "pending": [],
      "skipped": [],
      "duration": 0,
      "root": true,
      "rootEmpty": true,
      "_timeout": 2000
    }
  ],
  "meta": {
    "mocha": {
      "version": "7.0.1"
    },
    "mochawesome": {
      "options": {
        "quiet": false,
        "reportFilename": "chrome",
        "saveHtml": false,
        "saveJson": true,
        "consoleReporter": "spec",
        "useInlineDiffs": false,
        "code": true
      },
      "version": "7.1.3"
    },
    "marge": {
      "options": {
        "reportDir": "results",
        "overwrite": false,
        "html": false,
        "json": true,
        "screenshotOnRunFailure": true,
        "reportFilename": "chrome"
      },
      "version": "6.2.0"
    }
  }
}